<?xml version="1.0" encoding="UTF-8"?>
<!-- Generated by org.testng.reporters.JUnitReportReporter -->
<testsuite hostname="DESKTOP-2OPMLDB" failures="0" tests="1" name="readJSON.TestCase02" time="0.048" errors="0" timestamp="2023-01-21T18:46:25 IST" skipped="0">
  <testcase classname="readJSON.TestCase02" name="VerifyWicketKeeper" time="0.048"/>
  <system-out/>
</testsuite> <!-- readJSON.TestCase02 -->
